<?xml version="1.0" encoding="UTF-8"?>
<!-- Generated by org.testng.reporters.JUnitReportReporter -->
<testsuite hostname="Mohammeds-MacBook-Pro.local" failures="0" tests="2" name="DouglasWebsiteAutomation.tests.PerfumeTests" time="31.515" errors="0" timestamp="2025-02-21T16:16:49 IST" skipped="0">
  <testcase classname="DouglasWebsiteAutomation.tests.PerfumeTests" name="testPerfumePage" time="17.070"/>
  <testcase classname="DouglasWebsiteAutomation.tests.PerfumeTests" name="testPerfumePage" time="14.445"/>
</testsuite> <!-- DouglasWebsiteAutomation.tests.PerfumeTests -->
