<?xml version="1.0" encoding="UTF-8"?>
<!-- Generated by org.testng.reporters.JUnitReportReporter -->
<testsuite hostname="Mohammeds-MacBook-Pro.local" failures="0" tests="2" name="DouglasWebsiteAutomation.tests.SearchResultsTests" time="32.941" errors="0" timestamp="2025-02-21T16:16:49 IST" skipped="0">
  <testcase classname="DouglasWebsiteAutomation.tests.SearchResultsTests" name="testSearchPage" time="15.498"/>
  <testcase classname="DouglasWebsiteAutomation.tests.SearchResultsTests" name="testSearchPage" time="17.443"/>
</testsuite> <!-- DouglasWebsiteAutomation.tests.SearchResultsTests -->
